2018-09-17 16:13:28,340 - Log4JLogChute initialized using file 'velocity.log'
2018-09-17 16:13:28,340 - Initializing Velocity, Calling init()...
2018-09-17 16:13:28,340 - Starting Apache Velocity v1.7 (compiled: 2010-11-19 12:14:37)
2018-09-17 16:13:28,340 - Default Properties File: org\apache\velocity\runtime\defaults\velocity.properties
2018-09-17 16:13:28,340 - Trying to use logger class org.apache.velocity.runtime.log.AvalonLogChute
2018-09-17 16:13:28,340 - Target log system for org.apache.velocity.runtime.log.AvalonLogChute is not available (java.lang.NoClassDefFoundError: org/apache/log/format/Formatter).  Falling back to next log system...
2018-09-17 16:13:28,341 - Trying to use logger class org.apache.velocity.runtime.log.Log4JLogChute
2018-09-17 16:13:28,341 - Using logger class org.apache.velocity.runtime.log.Log4JLogChute
2018-09-17 16:13:28,345 - ResourceLoader instantiated: org.apache.velocity.runtime.resource.loader.FileResourceLoader
2018-09-17 16:13:28,345 - Do unicode file recognition:  false
2018-09-17 16:13:28,345 - FileResourceLoader : adding path 'D:/waibao/mcep/mcep-common/target/classes/template/'
2018-09-17 16:13:28,351 - ResourceCache: initialized (class org.apache.velocity.runtime.resource.ResourceCacheImpl) with class java.util.Collections$SynchronizedMap cache map.
2018-09-17 16:13:28,354 - Loaded System Directive: org.apache.velocity.runtime.directive.Stop
2018-09-17 16:13:28,355 - Loaded System Directive: org.apache.velocity.runtime.directive.Define
2018-09-17 16:13:28,356 - Loaded System Directive: org.apache.velocity.runtime.directive.Break
2018-09-17 16:13:28,356 - Loaded System Directive: org.apache.velocity.runtime.directive.Evaluate
2018-09-17 16:13:28,358 - Loaded System Directive: org.apache.velocity.runtime.directive.Literal
2018-09-17 16:13:28,359 - Loaded System Directive: org.apache.velocity.runtime.directive.Macro
2018-09-17 16:13:28,360 - Loaded System Directive: org.apache.velocity.runtime.directive.Parse
2018-09-17 16:13:28,377 - Loaded System Directive: org.apache.velocity.runtime.directive.Include
2018-09-17 16:13:28,380 - Loaded System Directive: org.apache.velocity.runtime.directive.Foreach
2018-09-17 16:13:28,423 - Created '20' parsers.
2018-09-17 16:13:28,427 - Velocimacro : "velocimacro.library" is not set.  Trying default library: VM_global_library.vm
2018-09-17 16:13:28,427 - Velocimacro : Default library not found.
2018-09-17 16:13:28,427 - Velocimacro : allowInline = true : VMs can be defined inline in templates
2018-09-17 16:13:28,427 - Velocimacro : allowInlineToOverride = false : VMs defined inline may NOT replace previous VM definitions
2018-09-17 16:13:28,427 - Velocimacro : allowInlineLocal = false : VMs defined inline will be global in scope if allowed.
2018-09-17 16:13:28,427 - Velocimacro : autoload off : VM system will not automatically reload global library macros
2018-09-17 16:13:28,444 - ResourceManager : found generatorConfig.vm with loader org.apache.velocity.runtime.resource.loader.FileResourceLoader
2018-09-17 16:13:28,447 - Null reference [template 'generatorConfig.vm', line 49, column 38] : ${generator.jdbc.driver} cannot be resolved.
2018-09-17 16:13:28,447 - Null reference [template 'generatorConfig.vm', line 50, column 40] : ${generator.jdbc.url} cannot be resolved.
2018-09-17 16:13:28,447 - Null reference [template 'generatorConfig.vm', line 51, column 33] : ${generator.jdbc.username} cannot be resolved.
2018-09-17 16:13:28,651 - ResourceManager : found Service.vm with loader org.apache.velocity.runtime.resource.loader.FileResourceLoader
2018-09-17 16:13:28,654 - ResourceManager : found ServiceMock.vm with loader org.apache.velocity.runtime.resource.loader.FileResourceLoader
2018-09-17 16:13:28,660 - ResourceManager : found ServiceImpl.vm with loader org.apache.velocity.runtime.resource.loader.FileResourceLoader
2018-09-19 16:04:30,324 - Log4JLogChute initialized using file 'velocity.log'
2018-09-19 16:04:30,325 - Initializing Velocity, Calling init()...
2018-09-19 16:04:30,326 - Starting Apache Velocity v1.7 (compiled: 2010-11-19 12:14:37)
2018-09-19 16:04:30,326 - Default Properties File: org\apache\velocity\runtime\defaults\velocity.properties
2018-09-19 16:04:30,326 - Trying to use logger class org.apache.velocity.runtime.log.AvalonLogChute
2018-09-19 16:04:30,326 - Target log system for org.apache.velocity.runtime.log.AvalonLogChute is not available (java.lang.NoClassDefFoundError: org/apache/log/format/Formatter).  Falling back to next log system...
2018-09-19 16:04:30,326 - Trying to use logger class org.apache.velocity.runtime.log.Log4JLogChute
2018-09-19 16:04:30,326 - Using logger class org.apache.velocity.runtime.log.Log4JLogChute
2018-09-19 16:04:30,329 - ResourceLoader instantiated: org.apache.velocity.runtime.resource.loader.FileResourceLoader
2018-09-19 16:04:30,330 - Do unicode file recognition:  false
2018-09-19 16:04:30,330 - FileResourceLoader : adding path 'D:/waibao/mcep/mcep-common/target/classes/template/'
2018-09-19 16:04:30,337 - ResourceCache: initialized (class org.apache.velocity.runtime.resource.ResourceCacheImpl) with class java.util.Collections$SynchronizedMap cache map.
2018-09-19 16:04:30,338 - Loaded System Directive: org.apache.velocity.runtime.directive.Stop
2018-09-19 16:04:30,339 - Loaded System Directive: org.apache.velocity.runtime.directive.Define
2018-09-19 16:04:30,339 - Loaded System Directive: org.apache.velocity.runtime.directive.Break
2018-09-19 16:04:30,340 - Loaded System Directive: org.apache.velocity.runtime.directive.Evaluate
2018-09-19 16:04:30,340 - Loaded System Directive: org.apache.velocity.runtime.directive.Literal
2018-09-19 16:04:30,341 - Loaded System Directive: org.apache.velocity.runtime.directive.Macro
2018-09-19 16:04:30,342 - Loaded System Directive: org.apache.velocity.runtime.directive.Parse
2018-09-19 16:04:30,343 - Loaded System Directive: org.apache.velocity.runtime.directive.Include
2018-09-19 16:04:30,344 - Loaded System Directive: org.apache.velocity.runtime.directive.Foreach
2018-09-19 16:04:30,369 - Created '20' parsers.
2018-09-19 16:04:30,373 - Velocimacro : "velocimacro.library" is not set.  Trying default library: VM_global_library.vm
2018-09-19 16:04:30,373 - Velocimacro : Default library not found.
2018-09-19 16:04:30,373 - Velocimacro : allowInline = true : VMs can be defined inline in templates
2018-09-19 16:04:30,373 - Velocimacro : allowInlineToOverride = false : VMs defined inline may NOT replace previous VM definitions
2018-09-19 16:04:30,373 - Velocimacro : allowInlineLocal = false : VMs defined inline will be global in scope if allowed.
2018-09-19 16:04:30,373 - Velocimacro : autoload off : VM system will not automatically reload global library macros
2018-09-19 16:04:30,386 - ResourceManager : found generatorConfig.vm with loader org.apache.velocity.runtime.resource.loader.FileResourceLoader
2018-09-19 16:04:30,401 - Null reference [template 'generatorConfig.vm', line 49, column 38] : ${generator.jdbc.driver} cannot be resolved.
2018-09-19 16:04:30,401 - Null reference [template 'generatorConfig.vm', line 50, column 40] : ${generator.jdbc.url} cannot be resolved.
2018-09-19 16:04:30,401 - Null reference [template 'generatorConfig.vm', line 51, column 33] : ${generator.jdbc.username} cannot be resolved.
